<?xml version="1.0" encoding="UTF-8"?>
<testng-results ignored="0" total="1" passed="1" failed="0" skipped="0">
  <reporter-output>
  </reporter-output>
  <suite started-at="2024-05-30T10:18:03 IST" name="Default suite" finished-at="2024-05-30T10:18:19 IST" duration-ms="16376">
    <groups>
    </groups>
    <test started-at="2024-05-30T10:18:03 IST" name="Default test" finished-at="2024-05-30T10:18:19 IST" duration-ms="16376">
      <class name="com.testcase.LoginPageVarify">
        <test-method signature="m1()[pri:0, instance:com.testcase.LoginPageVarify@3c19aaa5]" started-at="2024-05-30T10:18:03 IST" name="m1" finished-at="2024-05-30T10:18:19 IST" duration-ms="16309" status="PASS">
          <reporter-output>
          </reporter-output>
        </test-method> <!-- m1 -->
      </class> <!-- com.testcase.LoginPageVarify -->
    </test> <!-- Default test -->
  </suite> <!-- Default suite -->
</testng-results>
